<?xml version="1.0" encoding="UTF-8"?>
<!-- Generated by org.testng.reporters.JUnitXMLReporter -->
<testsuite ignored="0" hostname="LAPTOP-74RT8JJQ" failures="0" tests="4" name="Test" time="3.258" errors="0" timestamp="2023-04-12T17:54:39 IST">
  <testcase classname="APIChaining.CreateUser" name="testCreateuser" time="2.013"/>
  <testcase classname="APIChaining.GetUser" name="testGetuser" time="0.448"/>
  <testcase classname="APIChaining.UpdateUser" name="testUpdateuser" time="0.377"/>
  <testcase classname="APIChaining.DeleteUser" name="testDeleteuser" time="0.39"/>
</testsuite> <!-- Test -->
