<?xml version="1.0" encoding="UTF-8"?>
<testng-results ignored="0" total="1" passed="1" failed="0" skipped="0">
  <reporter-output>
  </reporter-output>
  <suite started-at="2023-04-13T18:07:56 IST" name="Default suite" finished-at="2023-04-13T18:07:58 IST" duration-ms="1935">
    <groups>
    </groups>
    <test started-at="2023-04-13T18:07:56 IST" name="Default test" finished-at="2023-04-13T18:07:58 IST" duration-ms="1935">
      <class name="Demo1">
        <test-method signature="parameters()[pri:0, instance:Demo1@3ce1e309]" started-at="2023-04-13T18:07:56 IST" name="parameters" finished-at="2023-04-13T18:07:58 IST" duration-ms="1908" status="PASS">
          <reporter-output>
          </reporter-output>
        </test-method> <!-- parameters -->
      </class> <!-- Demo1 -->
    </test> <!-- Default test -->
  </suite> <!-- Default suite -->
</testng-results>
